<?xml version="1.0" encoding="UTF-8"?>
<testsuite xmlns:xsi="http://www.w3.org/2001/XMLSchema-instance" xsi:noNamespaceSchemaLocation="https://maven.apache.org/surefire/maven-surefire-plugin/xsd/surefire-test-report-3.0.xsd" version="3.0" name="com.a1.EndToEndTest" time="31.998" tests="19" errors="0" skipped="0" failures="0">
  <properties>
[...]
</properties>
  <testcase name="testProducerFasterThanConsumer" classname="com.a1.EndToEndTest" time="0.902"/>
  <testcase name="testMultipleConsumersWaitingOnEmpty" classname="com.a1.EndToEndTest" time="0.807"/>
  <testcase name="testConsumerFasterThanProducer" classname="com.a1.EndToEndTest" time="0.89"/>
  <testcase name="testMultipleProducersWaitingOnFull" classname="com.a1.EndToEndTest" time="0.674"/>
  <testcase name="testSmallQueueCapacity" classname="com.a1.EndToEndTest" time="1.07"/>
  <testcase name="testProducerWaitsWhenQueueFull" classname="com.a1.EndToEndTest" time="0.689"/>
  <testcase name="testMultipleProducersMultipleConsumersBalanced" classname="com.a1.EndToEndTest" time="0.388"/>
  <testcase name="testMultipleProducersSingleConsumer" classname="com.a1.EndToEndTest" time="0.766"/>
  <testcase name="testLargeDataset" classname="com.a1.EndToEndTest" time="18.976"/>
  <testcase name="testNotifyAllWakesAllProducers" classname="com.a1.EndToEndTest" time="0.668"/>
  <testcase name="testThreadInterruption" classname="com.a1.EndToEndTest" time="0.125"/>
  <testcase name="testThreadSafety" classname="com.a1.EndToEndTest" time="2.601"/>
  <testcase name="testConsumerWaitsWhenQueueEmpty" classname="com.a1.EndToEndTest" time="0.487"/>
  <testcase name="testAllItemsTransferredCorrectly" classname="com.a1.EndToEndTest" time="0.383"/>
  <testcase name="testMoreProducersThanConsumers" classname="com.a1.EndToEndTest" time="0.389"/>
  <testcase name="testSingleProducerMultipleConsumers" classname="com.a1.EndToEndTest" time="0.542"/>
  <testcase name="testSingleProducerSingleConsumer" classname="com.a1.EndToEndTest" time="0.38"/>
  <testcase name="testMultipleConsumersWithSlowProduction" classname="com.a1.EndToEndTest" time="0.866"/>
  <testcase name="testMoreConsumersThanProducers" classname="com.a1.EndToEndTest" time="0.337"/>
</testsuite>